Mensaje I / 00:00:00:000 / Root(00) para top(01)
Mensaje I / 00:00:00:000 / top(01) para controller(02)
Mensaje D / 00:00:00:000 / controller(02) / 00:00:00:000 para top(01)
Mensaje D / 00:00:00:000 / top(01) / 00:00:00:000 para Root(00)
Mensaje X / 00:00:00:000 / Root(00) / troom /     21.00000 para top(01)
Mensaje X / 00:00:00:000 / top(01) / troom /     21.00000 para controller(02)
Mensaje D / 00:00:00:000 / controller(02) / 00:00:00:000 para top(01)
Mensaje D / 00:00:00:000 / top(01) / 00:00:00:000 para Root(00)
Mensaje * / 00:00:00:000 / Root(00) para top(01)
Mensaje * / 00:00:00:000 / top(01) para controller(02)
Mensaje Y / 00:00:00:000 / controller(02) / heatercntrsignal /      1.00000 para top(01)
Mensaje D / 00:00:00:000 / controller(02) / ... para top(01)
Mensaje Y / 00:00:00:000 / top(01) / heatercntrsignal /      1.00000 para Root(00)
Mensaje D / 00:00:00:000 / top(01) / ... para Root(00)
Mensaje X / 00:00:01:000 / Root(00) / troom /     25.50000 para top(01)
Mensaje X / 00:00:01:000 / top(01) / troom /     25.50000 para controller(02)
Mensaje D / 00:00:01:000 / controller(02) / 00:00:00:000 para top(01)
Mensaje D / 00:00:01:000 / top(01) / 00:00:00:000 para Root(00)
Mensaje * / 00:00:01:000 / Root(00) para top(01)
Mensaje * / 00:00:01:000 / top(01) para controller(02)
Mensaje Y / 00:00:01:000 / controller(02) / heatercntrsignal /      0.00000 para top(01)
Mensaje D / 00:00:01:000 / controller(02) / ... para top(01)
Mensaje Y / 00:00:01:000 / top(01) / heatercntrsignal /      0.00000 para Root(00)
Mensaje D / 00:00:01:000 / top(01) / ... para Root(00)
Mensaje X / 00:00:02:000 / Root(00) / troom /     25.00000 para top(01)
Mensaje X / 00:00:02:000 / top(01) / troom /     25.00000 para controller(02)
Mensaje D / 00:00:02:000 / controller(02) / 00:00:00:000 para top(01)
Mensaje D / 00:00:02:000 / top(01) / 00:00:00:000 para Root(00)
Mensaje * / 00:00:02:000 / Root(00) para top(01)
Mensaje * / 00:00:02:000 / top(01) para controller(02)
Mensaje Y / 00:00:02:000 / controller(02) / heatercntrsignal /      0.00000 para top(01)
Mensaje D / 00:00:02:000 / controller(02) / ... para top(01)
Mensaje Y / 00:00:02:000 / top(01) / heatercntrsignal /      0.00000 para Root(00)
Mensaje D / 00:00:02:000 / top(01) / ... para Root(00)
Mensaje X / 00:00:03:000 / Root(00) / troom /     24.95000 para top(01)
Mensaje X / 00:00:03:000 / top(01) / troom /     24.95000 para controller(02)
Mensaje D / 00:00:03:000 / controller(02) / 00:00:00:000 para top(01)
Mensaje D / 00:00:03:000 / top(01) / 00:00:00:000 para Root(00)
Mensaje * / 00:00:03:000 / Root(00) para top(01)
Mensaje * / 00:00:03:000 / top(01) para controller(02)
Mensaje Y / 00:00:03:000 / controller(02) / heatercntrsignal /      0.00000 para top(01)
Mensaje D / 00:00:03:000 / controller(02) / ... para top(01)
Mensaje Y / 00:00:03:000 / top(01) / heatercntrsignal /      0.00000 para Root(00)
Mensaje D / 00:00:03:000 / top(01) / ... para Root(00)
Mensaje X / 00:00:04:000 / Root(00) / troom /     24.90000 para top(01)
Mensaje X / 00:00:04:000 / top(01) / troom /     24.90000 para controller(02)
Mensaje D / 00:00:04:000 / controller(02) / 00:00:00:000 para top(01)
Mensaje D / 00:00:04:000 / top(01) / 00:00:00:000 para Root(00)
Mensaje * / 00:00:04:000 / Root(00) para top(01)
Mensaje * / 00:00:04:000 / top(01) para controller(02)
Mensaje Y / 00:00:04:000 / controller(02) / heatercntrsignal /      1.00000 para top(01)
Mensaje D / 00:00:04:000 / controller(02) / ... para top(01)
Mensaje Y / 00:00:04:000 / top(01) / heatercntrsignal /      1.00000 para Root(00)
Mensaje D / 00:00:04:000 / top(01) / ... para Root(00)
Mensaje X / 00:00:05:000 / Root(00) / troom /     26.00000 para top(01)
Mensaje X / 00:00:05:000 / top(01) / troom /     26.00000 para controller(02)
Mensaje D / 00:00:05:000 / controller(02) / 00:00:00:000 para top(01)
Mensaje D / 00:00:05:000 / top(01) / 00:00:00:000 para Root(00)
Mensaje * / 00:00:05:000 / Root(00) para top(01)
Mensaje * / 00:00:05:000 / top(01) para controller(02)
Mensaje Y / 00:00:05:000 / controller(02) / heatercntrsignal /      0.00000 para top(01)
Mensaje D / 00:00:05:000 / controller(02) / ... para top(01)
Mensaje Y / 00:00:05:000 / top(01) / heatercntrsignal /      0.00000 para Root(00)
Mensaje D / 00:00:05:000 / top(01) / ... para Root(00)
