Mensaje I / 00:00:00:000 / Root(00) para top(01)
Mensaje I / 00:00:00:000 / top(01) para generat(02)
Mensaje D / 00:00:00:000 / generat(02) / 00:00:00:000 para top(01)
Mensaje D / 00:00:00:000 / top(01) / 00:00:00:000 para Root(00)
Mensaje * / 00:00:00:000 / Root(00) para top(01)
Mensaje * / 00:00:00:000 / top(01) para generat(02)
Mensaje Y / 00:00:00:000 / generat(02) / tout /     22.00000 para top(01)
Mensaje D / 00:00:00:000 / generat(02) / 00:00:01:000 para top(01)
Mensaje Y / 00:00:00:000 / top(01) / tout /     22.00000 para Root(00)
Mensaje D / 00:00:00:000 / top(01) / 00:00:01:000 para Root(00)
Mensaje * / 00:00:01:000 / Root(00) para top(01)
Mensaje * / 00:00:01:000 / top(01) para generat(02)
Mensaje Y / 00:00:01:000 / generat(02) / tout /     21.96339 para top(01)
Mensaje D / 00:00:01:000 / generat(02) / 00:00:01:000 para top(01)
Mensaje Y / 00:00:01:000 / top(01) / tout /     21.96339 para Root(00)
Mensaje D / 00:00:01:000 / top(01) / 00:00:01:000 para Root(00)
Mensaje * / 00:00:02:000 / Root(00) para top(01)
Mensaje * / 00:00:02:000 / top(01) para generat(02)
Mensaje Y / 00:00:02:000 / generat(02) / tout /     18.38828 para top(01)
Mensaje D / 00:00:02:000 / generat(02) / 00:00:01:000 para top(01)
Mensaje Y / 00:00:02:000 / top(01) / tout /     18.38828 para Root(00)
Mensaje D / 00:00:02:000 / top(01) / 00:00:01:000 para Root(00)
Mensaje * / 00:00:03:000 / Root(00) para top(01)
Mensaje * / 00:00:03:000 / top(01) para generat(02)
Mensaje Y / 00:00:03:000 / generat(02) / tout /     18.87342 para top(01)
Mensaje D / 00:00:03:000 / generat(02) / 00:00:01:000 para top(01)
Mensaje Y / 00:00:03:000 / top(01) / tout /     18.87342 para Root(00)
Mensaje D / 00:00:03:000 / top(01) / 00:00:01:000 para Root(00)
Mensaje * / 00:00:04:000 / Root(00) para top(01)
Mensaje * / 00:00:04:000 / top(01) para generat(02)
Mensaje Y / 00:00:04:000 / generat(02) / tout /     22.10628 para top(01)
Mensaje D / 00:00:04:000 / generat(02) / 00:00:01:000 para top(01)
Mensaje Y / 00:00:04:000 / top(01) / tout /     22.10628 para Root(00)
Mensaje D / 00:00:04:000 / top(01) / 00:00:01:000 para Root(00)
Mensaje * / 00:00:05:000 / Root(00) para top(01)
Mensaje * / 00:00:05:000 / top(01) para generat(02)
Mensaje Y / 00:00:05:000 / generat(02) / tout /     19.54766 para top(01)
Mensaje D / 00:00:05:000 / generat(02) / 00:00:01:000 para top(01)
Mensaje Y / 00:00:05:000 / top(01) / tout /     19.54766 para Root(00)
Mensaje D / 00:00:05:000 / top(01) / 00:00:01:000 para Root(00)
Mensaje * / 00:00:06:000 / Root(00) para top(01)
Mensaje * / 00:00:06:000 / top(01) para generat(02)
Mensaje Y / 00:00:06:000 / generat(02) / tout /     22.48202 para top(01)
Mensaje D / 00:00:06:000 / generat(02) / 00:00:01:000 para top(01)
Mensaje Y / 00:00:06:000 / top(01) / tout /     22.48202 para Root(00)
Mensaje D / 00:00:06:000 / top(01) / 00:00:01:000 para Root(00)
Mensaje * / 00:00:07:000 / Root(00) para top(01)
Mensaje * / 00:00:07:000 / top(01) para generat(02)
Mensaje Y / 00:00:07:000 / generat(02) / tout /     24.54965 para top(01)
Mensaje D / 00:00:07:000 / generat(02) / 00:00:01:000 para top(01)
Mensaje Y / 00:00:07:000 / top(01) / tout /     24.54965 para Root(00)
Mensaje D / 00:00:07:000 / top(01) / 00:00:01:000 para Root(00)
Mensaje * / 00:00:08:000 / Root(00) para top(01)
Mensaje * / 00:00:08:000 / top(01) para generat(02)
Mensaje Y / 00:00:08:000 / generat(02) / tout /     23.96567 para top(01)
Mensaje D / 00:00:08:000 / generat(02) / 00:00:01:000 para top(01)
Mensaje Y / 00:00:08:000 / top(01) / tout /     23.96567 para Root(00)
Mensaje D / 00:00:08:000 / top(01) / 00:00:01:000 para Root(00)
Mensaje * / 00:00:09:000 / Root(00) para top(01)
Mensaje * / 00:00:09:000 / top(01) para generat(02)
Mensaje Y / 00:00:09:000 / generat(02) / tout /     23.33859 para top(01)
Mensaje D / 00:00:09:000 / generat(02) / 00:00:01:000 para top(01)
Mensaje Y / 00:00:09:000 / top(01) / tout /     23.33859 para Root(00)
Mensaje D / 00:00:09:000 / top(01) / 00:00:01:000 para Root(00)
Mensaje * / 00:00:10:000 / Root(00) para top(01)
Mensaje * / 00:00:10:000 / top(01) para generat(02)
Mensaje Y / 00:00:10:000 / generat(02) / tout /     21.49182 para top(01)
Mensaje D / 00:00:10:000 / generat(02) / 00:00:01:000 para top(01)
Mensaje Y / 00:00:10:000 / top(01) / tout /     21.49182 para Root(00)
Mensaje D / 00:00:10:000 / top(01) / 00:00:01:000 para Root(00)
Mensaje * / 00:00:11:000 / Root(00) para top(01)
Mensaje * / 00:00:11:000 / top(01) para generat(02)
Mensaje Y / 00:00:11:000 / generat(02) / tout /     20.20239 para top(01)
Mensaje D / 00:00:11:000 / generat(02) / 00:00:01:000 para top(01)
Mensaje Y / 00:00:11:000 / top(01) / tout /     20.20239 para Root(00)
Mensaje D / 00:00:11:000 / top(01) / 00:00:01:000 para Root(00)
Mensaje * / 00:00:12:000 / Root(00) para top(01)
Mensaje * / 00:00:12:000 / top(01) para generat(02)
Mensaje Y / 00:00:12:000 / generat(02) / tout /     24.06129 para top(01)
Mensaje D / 00:00:12:000 / generat(02) / 00:00:01:000 para top(01)
Mensaje Y / 00:00:12:000 / top(01) / tout /     24.06129 para Root(00)
Mensaje D / 00:00:12:000 / top(01) / 00:00:01:000 para Root(00)
Mensaje * / 00:00:13:000 / Root(00) para top(01)
Mensaje * / 00:00:13:000 / top(01) para generat(02)
Mensaje Y / 00:00:13:000 / generat(02) / tout /     16.16610 para top(01)
Mensaje D / 00:00:13:000 / generat(02) / 00:00:01:000 para top(01)
Mensaje Y / 00:00:13:000 / top(01) / tout /     16.16610 para Root(00)
Mensaje D / 00:00:13:000 / top(01) / 00:00:01:000 para Root(00)
Mensaje * / 00:00:14:000 / Root(00) para top(01)
Mensaje * / 00:00:14:000 / top(01) para generat(02)
Mensaje Y / 00:00:14:000 / generat(02) / tout /     24.03469 para top(01)
Mensaje D / 00:00:14:000 / generat(02) / 00:00:01:000 para top(01)
Mensaje Y / 00:00:14:000 / top(01) / tout /     24.03469 para Root(00)
Mensaje D / 00:00:14:000 / top(01) / 00:00:01:000 para Root(00)
Mensaje * / 00:00:15:000 / Root(00) para top(01)
Mensaje * / 00:00:15:000 / top(01) para generat(02)
Mensaje Y / 00:00:15:000 / generat(02) / tout /     24.03957 para top(01)
Mensaje D / 00:00:15:000 / generat(02) / 00:00:01:000 para top(01)
Mensaje Y / 00:00:15:000 / top(01) / tout /     24.03957 para Root(00)
Mensaje D / 00:00:15:000 / top(01) / 00:00:01:000 para Root(00)
