Mensaje I / 00:00:00:000 / Root(00) para top(01)
Mensaje I / 00:00:00:000 / top(01) para heater(02)
Mensaje D / 00:00:00:000 / heater(02) / 00:00:00:000 para top(01)
Mensaje D / 00:00:00:000 / top(01) / 00:00:00:000 para Root(00)
Mensaje X / 00:00:00:000 / Root(00) / troom /     25.00000 para top(01)
Mensaje X / 00:00:00:000 / top(01) / troom /     25.00000 para heater(02)
Mensaje D / 00:00:00:000 / heater(02) / 00:00:00:000 para top(01)
Mensaje D / 00:00:00:000 / top(01) / 00:00:00:000 para Root(00)
Mensaje X / 00:00:00:000 / Root(00) / heatercntrsignal /      0.00000 para top(01)
Mensaje X / 00:00:00:000 / top(01) / heatercntrsignal /      0.00000 para heater(02)
Mensaje D / 00:00:00:000 / heater(02) / 00:00:00:000 para top(01)
Mensaje D / 00:00:00:000 / top(01) / 00:00:00:000 para Root(00)
Mensaje * / 00:00:00:000 / Root(00) para top(01)
Mensaje * / 00:00:00:000 / top(01) para heater(02)
Mensaje Y / 00:00:00:000 / heater(02) / heatgain /      0.00000 para top(01)
Mensaje D / 00:00:00:000 / heater(02) / 00:00:01:000 para top(01)
Mensaje Y / 00:00:00:000 / top(01) / heatgain /      0.00000 para Root(00)
Mensaje D / 00:00:00:000 / top(01) / 00:00:01:000 para Root(00)
Mensaje X / 00:00:01:000 / Root(00) / troom /     24.00000 para top(01)
Mensaje X / 00:00:01:000 / top(01) / troom /     24.00000 para heater(02)
Mensaje D / 00:00:01:000 / heater(02) / 00:00:00:000 para top(01)
Mensaje D / 00:00:01:000 / top(01) / 00:00:00:000 para Root(00)
Mensaje X / 00:00:01:000 / Root(00) / heatercntrsignal /      1.00000 para top(01)
Mensaje X / 00:00:01:000 / top(01) / heatercntrsignal /      1.00000 para heater(02)
Mensaje D / 00:00:01:000 / heater(02) / 00:00:00:000 para top(01)
Mensaje D / 00:00:01:000 / top(01) / 00:00:00:000 para Root(00)
Mensaje * / 00:00:01:000 / Root(00) para top(01)
Mensaje * / 00:00:01:000 / top(01) para heater(02)
Mensaje Y / 00:00:01:000 / heater(02) / heatgain /      0.50000 para top(01)
Mensaje D / 00:00:01:000 / heater(02) / 00:00:01:000 para top(01)
Mensaje Y / 00:00:01:000 / top(01) / heatgain /      0.50000 para Root(00)
Mensaje D / 00:00:01:000 / top(01) / 00:00:01:000 para Root(00)
Mensaje X / 00:00:02:000 / Root(00) / troom /     20.00000 para top(01)
Mensaje X / 00:00:02:000 / top(01) / troom /     20.00000 para heater(02)
Mensaje D / 00:00:02:000 / heater(02) / 00:00:00:000 para top(01)
Mensaje D / 00:00:02:000 / top(01) / 00:00:00:000 para Root(00)
Mensaje X / 00:00:02:000 / Root(00) / heatercntrsignal /      1.00000 para top(01)
Mensaje X / 00:00:02:000 / top(01) / heatercntrsignal /      1.00000 para heater(02)
Mensaje D / 00:00:02:000 / heater(02) / 00:00:00:000 para top(01)
Mensaje D / 00:00:02:000 / top(01) / 00:00:00:000 para Root(00)
Mensaje * / 00:00:02:000 / Root(00) para top(01)
Mensaje * / 00:00:02:000 / top(01) para heater(02)
Mensaje Y / 00:00:02:000 / heater(02) / heatgain /      0.50000 para top(01)
Mensaje D / 00:00:02:000 / heater(02) / 00:00:01:000 para top(01)
Mensaje Y / 00:00:02:000 / top(01) / heatgain /      0.50000 para Root(00)
Mensaje D / 00:00:02:000 / top(01) / 00:00:01:000 para Root(00)
Mensaje X / 00:00:03:000 / Root(00) / troom /     27.00000 para top(01)
Mensaje X / 00:00:03:000 / top(01) / troom /     27.00000 para heater(02)
Mensaje D / 00:00:03:000 / heater(02) / 00:00:00:000 para top(01)
Mensaje D / 00:00:03:000 / top(01) / 00:00:00:000 para Root(00)
Mensaje X / 00:00:03:000 / Root(00) / heatercntrsignal /      0.00000 para top(01)
Mensaje X / 00:00:03:000 / top(01) / heatercntrsignal /      0.00000 para heater(02)
Mensaje D / 00:00:03:000 / heater(02) / 00:00:00:000 para top(01)
Mensaje D / 00:00:03:000 / top(01) / 00:00:00:000 para Root(00)
Mensaje * / 00:00:03:000 / Root(00) para top(01)
Mensaje * / 00:00:03:000 / top(01) para heater(02)
Mensaje Y / 00:00:03:000 / heater(02) / heatgain /      0.00000 para top(01)
Mensaje D / 00:00:03:000 / heater(02) / 00:00:01:000 para top(01)
Mensaje Y / 00:00:03:000 / top(01) / heatgain /      0.00000 para Root(00)
Mensaje D / 00:00:03:000 / top(01) / 00:00:01:000 para Root(00)
Mensaje X / 00:00:04:000 / Root(00) / troom /     15.00000 para top(01)
Mensaje X / 00:00:04:000 / top(01) / troom /     15.00000 para heater(02)
Mensaje D / 00:00:04:000 / heater(02) / 00:00:00:000 para top(01)
Mensaje D / 00:00:04:000 / top(01) / 00:00:00:000 para Root(00)
Mensaje X / 00:00:04:000 / Root(00) / heatercntrsignal /      1.00000 para top(01)
Mensaje X / 00:00:04:000 / top(01) / heatercntrsignal /      1.00000 para heater(02)
Mensaje D / 00:00:04:000 / heater(02) / 00:00:00:000 para top(01)
Mensaje D / 00:00:04:000 / top(01) / 00:00:00:000 para Root(00)
Mensaje * / 00:00:04:000 / Root(00) para top(01)
Mensaje * / 00:00:04:000 / top(01) para heater(02)
Mensaje Y / 00:00:04:000 / heater(02) / heatgain /      0.50000 para top(01)
Mensaje D / 00:00:04:000 / heater(02) / 00:00:01:000 para top(01)
Mensaje Y / 00:00:04:000 / top(01) / heatgain /      0.50000 para Root(00)
Mensaje D / 00:00:04:000 / top(01) / 00:00:01:000 para Root(00)
Mensaje X / 00:00:05:000 / Root(00) / troom /     25.00000 para top(01)
Mensaje X / 00:00:05:000 / top(01) / troom /     25.00000 para heater(02)
Mensaje D / 00:00:05:000 / heater(02) / 00:00:00:000 para top(01)
Mensaje D / 00:00:05:000 / top(01) / 00:00:00:000 para Root(00)
Mensaje X / 00:00:05:000 / Root(00) / heatercntrsignal /      0.00000 para top(01)
Mensaje X / 00:00:05:000 / top(01) / heatercntrsignal /      0.00000 para heater(02)
Mensaje D / 00:00:05:000 / heater(02) / 00:00:00:000 para top(01)
Mensaje D / 00:00:05:000 / top(01) / 00:00:00:000 para Root(00)
Mensaje * / 00:00:05:000 / Root(00) para top(01)
Mensaje * / 00:00:05:000 / top(01) para heater(02)
Mensaje Y / 00:00:05:000 / heater(02) / heatgain /      0.00000 para top(01)
Mensaje D / 00:00:05:000 / heater(02) / 00:00:01:000 para top(01)
Mensaje Y / 00:00:05:000 / top(01) / heatgain /      0.00000 para Root(00)
Mensaje D / 00:00:05:000 / top(01) / 00:00:01:000 para Root(00)
