00:00:00:000 tout 22
00:00:00:000 heatlosses 0
00:00:00:000 troom 25
00:00:00:000 heatercntrsignal 0
00:00:00:000 heatgain 0
00:00:01:000 tout 21.9634
00:00:01:000 heatlosses 0.303661
00:00:01:000 troom 24.6963
00:00:01:000 heatercntrsignal 1
00:00:01:000 heatgain 0.5
00:00:02:000 tout 18.3883
00:00:02:000 heatlosses 0.630806
00:00:02:000 troom 24.5655
00:00:02:000 heatercntrsignal 1
00:00:02:000 heatgain 0.5
00:00:03:000 tout 18.8734
00:00:03:000 heatlosses 0.569211
00:00:03:000 troom 24.4963
00:00:03:000 heatercntrsignal 1
00:00:03:000 heatgain 0.5
00:00:04:000 tout 22.1063
00:00:04:000 heatlosses 0.239004
00:00:04:000 troom 24.7573
00:00:04:000 heatercntrsignal 1
00:00:04:000 heatgain 0.5
00:00:05:000 tout 19.5477
00:00:05:000 heatlosses 0.520965
00:00:05:000 troom 24.7364
00:00:05:000 heatercntrsignal 1
00:00:05:000 heatgain 0.5
