Mensaje I / 00:00:00:000 / Root(00) para top(01)
Mensaje I / 00:00:00:000 / top(01) para generat(02)
Mensaje I / 00:00:00:000 / top(01) para transduc(03)
Mensaje I / 00:00:00:000 / top(01) para thermostat(04)
Mensaje I / 00:00:00:000 / top(01) para heater(07)
Mensaje D / 00:00:00:000 / generat(02) / 00:00:00:000 para top(01)
Mensaje D / 00:00:00:000 / transduc(03) / 00:00:00:000 para top(01)
Mensaje I / 00:00:00:000 / thermostat(04) para tempsensor(05)
Mensaje I / 00:00:00:000 / thermostat(04) para controller(06)
Mensaje D / 00:00:00:000 / heater(07) / 00:00:00:000 para top(01)
Mensaje D / 00:00:00:000 / tempsensor(05) / 00:00:00:000 para thermostat(04)
Mensaje D / 00:00:00:000 / controller(06) / 00:00:00:000 para thermostat(04)
Mensaje D / 00:00:00:000 / thermostat(04) / 00:00:00:000 para top(01)
Mensaje D / 00:00:00:000 / top(01) / 00:00:00:000 para Root(00)
Mensaje * / 00:00:00:000 / Root(00) para top(01)
Mensaje * / 00:00:00:000 / top(01) para generat(02)
Mensaje Y / 00:00:00:000 / generat(02) / tout /     22.00000 para top(01)
Mensaje D / 00:00:00:000 / generat(02) / 00:00:01:000 para top(01)
Mensaje X / 00:00:00:000 / top(01) / tout /     22.00000 para transduc(03)
Mensaje D / 00:00:00:000 / transduc(03) / 00:00:00:000 para top(01)
Mensaje D / 00:00:00:000 / top(01) / 00:00:00:000 para Root(00)
Mensaje * / 00:00:00:000 / Root(00) para top(01)
Mensaje * / 00:00:00:000 / top(01) para transduc(03)
Mensaje Y / 00:00:00:000 / transduc(03) / heatlosses /      0.00000 para top(01)
Mensaje D / 00:00:00:000 / transduc(03) / 00:00:01:000 para top(01)
Mensaje X / 00:00:00:000 / top(01) / heatlosses /      0.00000 para thermostat(04)
Mensaje X / 00:00:00:000 / thermostat(04) / heatlosses /      0.00000 para tempsensor(05)
Mensaje D / 00:00:00:000 / tempsensor(05) / 00:00:00:000 para thermostat(04)
Mensaje D / 00:00:00:000 / thermostat(04) / 00:00:00:000 para top(01)
Mensaje D / 00:00:00:000 / top(01) / 00:00:00:000 para Root(00)
Mensaje * / 00:00:00:000 / Root(00) para top(01)
Mensaje * / 00:00:00:000 / top(01) para thermostat(04)
Mensaje * / 00:00:00:000 / thermostat(04) para tempsensor(05)
Mensaje Y / 00:00:00:000 / tempsensor(05) / troom /     25.00000 para thermostat(04)
Mensaje D / 00:00:00:000 / tempsensor(05) / 00:00:01:000 para thermostat(04)
Mensaje Y / 00:00:00:000 / thermostat(04) / troom /     25.00000 para top(01)
Mensaje X / 00:00:00:000 / thermostat(04) / troom /     25.00000 para controller(06)
Mensaje X / 00:00:00:000 / top(01) / troom /     25.00000 para transduc(03)
Mensaje X / 00:00:00:000 / top(01) / troom /     25.00000 para heater(07)
Mensaje D / 00:00:00:000 / controller(06) / 00:00:00:000 para thermostat(04)
Mensaje D / 00:00:00:000 / transduc(03) / 00:00:01:000 para top(01)
Mensaje D / 00:00:00:000 / heater(07) / 00:00:00:000 para top(01)
Mensaje D / 00:00:00:000 / thermostat(04) / 00:00:00:000 para top(01)
Mensaje D / 00:00:00:000 / top(01) / 00:00:00:000 para Root(00)
Mensaje * / 00:00:00:000 / Root(00) para top(01)
Mensaje * / 00:00:00:000 / top(01) para thermostat(04)
Mensaje * / 00:00:00:000 / thermostat(04) para controller(06)
Mensaje Y / 00:00:00:000 / controller(06) / heatercntrsignal /      0.00000 para thermostat(04)
Mensaje D / 00:00:00:000 / controller(06) / ... para thermostat(04)
Mensaje Y / 00:00:00:000 / thermostat(04) / heatercntrsignal /      0.00000 para top(01)
Mensaje D / 00:00:00:000 / thermostat(04) / 00:00:01:000 para top(01)
Mensaje X / 00:00:00:000 / top(01) / heatercntrsignal /      0.00000 para heater(07)
Mensaje D / 00:00:00:000 / heater(07) / 00:00:00:000 para top(01)
Mensaje D / 00:00:00:000 / top(01) / 00:00:00:000 para Root(00)
Mensaje * / 00:00:00:000 / Root(00) para top(01)
Mensaje * / 00:00:00:000 / top(01) para heater(07)
Mensaje Y / 00:00:00:000 / heater(07) / heatgain /      0.00000 para top(01)
Mensaje D / 00:00:00:000 / heater(07) / 00:00:01:000 para top(01)
Mensaje X / 00:00:00:000 / top(01) / heatgain /      0.00000 para thermostat(04)
Mensaje X / 00:00:00:000 / thermostat(04) / heatgain /      0.00000 para tempsensor(05)
Mensaje D / 00:00:00:000 / tempsensor(05) / 00:00:01:000 para thermostat(04)
Mensaje D / 00:00:00:000 / thermostat(04) / 00:00:01:000 para top(01)
Mensaje D / 00:00:00:000 / top(01) / 00:00:01:000 para Root(00)
Mensaje * / 00:00:01:000 / Root(00) para top(01)
Mensaje * / 00:00:01:000 / top(01) para generat(02)
Mensaje Y / 00:00:01:000 / generat(02) / tout /     21.96339 para top(01)
Mensaje D / 00:00:01:000 / generat(02) / 00:00:01:000 para top(01)
Mensaje X / 00:00:01:000 / top(01) / tout /     21.96339 para transduc(03)
Mensaje D / 00:00:01:000 / transduc(03) / 00:00:00:000 para top(01)
Mensaje D / 00:00:01:000 / top(01) / 00:00:00:000 para Root(00)
Mensaje * / 00:00:01:000 / Root(00) para top(01)
Mensaje * / 00:00:01:000 / top(01) para transduc(03)
Mensaje Y / 00:00:01:000 / transduc(03) / heatlosses /      0.30366 para top(01)
Mensaje D / 00:00:01:000 / transduc(03) / 00:00:01:000 para top(01)
Mensaje X / 00:00:01:000 / top(01) / heatlosses /      0.30366 para thermostat(04)
Mensaje X / 00:00:01:000 / thermostat(04) / heatlosses /      0.30366 para tempsensor(05)
Mensaje D / 00:00:01:000 / tempsensor(05) / 00:00:00:000 para thermostat(04)
Mensaje D / 00:00:01:000 / thermostat(04) / 00:00:00:000 para top(01)
Mensaje D / 00:00:01:000 / top(01) / 00:00:00:000 para Root(00)
Mensaje * / 00:00:01:000 / Root(00) para top(01)
Mensaje * / 00:00:01:000 / top(01) para thermostat(04)
Mensaje * / 00:00:01:000 / thermostat(04) para tempsensor(05)
Mensaje Y / 00:00:01:000 / tempsensor(05) / troom /     24.69634 para thermostat(04)
Mensaje D / 00:00:01:000 / tempsensor(05) / 00:00:01:000 para thermostat(04)
Mensaje Y / 00:00:01:000 / thermostat(04) / troom /     24.69634 para top(01)
Mensaje X / 00:00:01:000 / thermostat(04) / troom /     24.69634 para controller(06)
Mensaje X / 00:00:01:000 / top(01) / troom /     24.69634 para transduc(03)
Mensaje X / 00:00:01:000 / top(01) / troom /     24.69634 para heater(07)
Mensaje D / 00:00:01:000 / controller(06) / 00:00:00:000 para thermostat(04)
Mensaje D / 00:00:01:000 / transduc(03) / 00:00:01:000 para top(01)
Mensaje D / 00:00:01:000 / heater(07) / 00:00:00:000 para top(01)
Mensaje D / 00:00:01:000 / thermostat(04) / 00:00:00:000 para top(01)
Mensaje D / 00:00:01:000 / top(01) / 00:00:00:000 para Root(00)
Mensaje * / 00:00:01:000 / Root(00) para top(01)
Mensaje * / 00:00:01:000 / top(01) para thermostat(04)
Mensaje * / 00:00:01:000 / thermostat(04) para controller(06)
Mensaje Y / 00:00:01:000 / controller(06) / heatercntrsignal /      1.00000 para thermostat(04)
Mensaje D / 00:00:01:000 / controller(06) / ... para thermostat(04)
Mensaje Y / 00:00:01:000 / thermostat(04) / heatercntrsignal /      1.00000 para top(01)
Mensaje D / 00:00:01:000 / thermostat(04) / 00:00:01:000 para top(01)
Mensaje X / 00:00:01:000 / top(01) / heatercntrsignal /      1.00000 para heater(07)
Mensaje D / 00:00:01:000 / heater(07) / 00:00:00:000 para top(01)
Mensaje D / 00:00:01:000 / top(01) / 00:00:00:000 para Root(00)
Mensaje * / 00:00:01:000 / Root(00) para top(01)
Mensaje * / 00:00:01:000 / top(01) para heater(07)
Mensaje Y / 00:00:01:000 / heater(07) / heatgain /      0.50000 para top(01)
Mensaje D / 00:00:01:000 / heater(07) / 00:00:01:000 para top(01)
Mensaje X / 00:00:01:000 / top(01) / heatgain /      0.50000 para thermostat(04)
Mensaje X / 00:00:01:000 / thermostat(04) / heatgain /      0.50000 para tempsensor(05)
Mensaje D / 00:00:01:000 / tempsensor(05) / 00:00:01:000 para thermostat(04)
Mensaje D / 00:00:01:000 / thermostat(04) / 00:00:01:000 para top(01)
Mensaje D / 00:00:01:000 / top(01) / 00:00:01:000 para Root(00)
Mensaje * / 00:00:02:000 / Root(00) para top(01)
Mensaje * / 00:00:02:000 / top(01) para generat(02)
Mensaje Y / 00:00:02:000 / generat(02) / tout /     18.38828 para top(01)
Mensaje D / 00:00:02:000 / generat(02) / 00:00:01:000 para top(01)
Mensaje X / 00:00:02:000 / top(01) / tout /     18.38828 para transduc(03)
Mensaje D / 00:00:02:000 / transduc(03) / 00:00:00:000 para top(01)
Mensaje D / 00:00:02:000 / top(01) / 00:00:00:000 para Root(00)
Mensaje * / 00:00:02:000 / Root(00) para top(01)
Mensaje * / 00:00:02:000 / top(01) para transduc(03)
Mensaje Y / 00:00:02:000 / transduc(03) / heatlosses /      0.63081 para top(01)
Mensaje D / 00:00:02:000 / transduc(03) / 00:00:01:000 para top(01)
Mensaje X / 00:00:02:000 / top(01) / heatlosses /      0.63081 para thermostat(04)
Mensaje X / 00:00:02:000 / thermostat(04) / heatlosses /      0.63081 para tempsensor(05)
Mensaje D / 00:00:02:000 / tempsensor(05) / 00:00:00:000 para thermostat(04)
Mensaje D / 00:00:02:000 / thermostat(04) / 00:00:00:000 para top(01)
Mensaje D / 00:00:02:000 / top(01) / 00:00:00:000 para Root(00)
Mensaje * / 00:00:02:000 / Root(00) para top(01)
Mensaje * / 00:00:02:000 / top(01) para thermostat(04)
Mensaje * / 00:00:02:000 / thermostat(04) para tempsensor(05)
Mensaje Y / 00:00:02:000 / tempsensor(05) / troom /     24.56553 para thermostat(04)
Mensaje D / 00:00:02:000 / tempsensor(05) / 00:00:01:000 para thermostat(04)
Mensaje Y / 00:00:02:000 / thermostat(04) / troom /     24.56553 para top(01)
Mensaje X / 00:00:02:000 / thermostat(04) / troom /     24.56553 para controller(06)
Mensaje X / 00:00:02:000 / top(01) / troom /     24.56553 para transduc(03)
Mensaje X / 00:00:02:000 / top(01) / troom /     24.56553 para heater(07)
Mensaje D / 00:00:02:000 / controller(06) / 00:00:00:000 para thermostat(04)
Mensaje D / 00:00:02:000 / transduc(03) / 00:00:01:000 para top(01)
Mensaje D / 00:00:02:000 / heater(07) / 00:00:00:000 para top(01)
Mensaje D / 00:00:02:000 / thermostat(04) / 00:00:00:000 para top(01)
Mensaje D / 00:00:02:000 / top(01) / 00:00:00:000 para Root(00)
Mensaje * / 00:00:02:000 / Root(00) para top(01)
Mensaje * / 00:00:02:000 / top(01) para thermostat(04)
Mensaje * / 00:00:02:000 / thermostat(04) para controller(06)
Mensaje Y / 00:00:02:000 / controller(06) / heatercntrsignal /      1.00000 para thermostat(04)
Mensaje D / 00:00:02:000 / controller(06) / ... para thermostat(04)
Mensaje Y / 00:00:02:000 / thermostat(04) / heatercntrsignal /      1.00000 para top(01)
Mensaje D / 00:00:02:000 / thermostat(04) / 00:00:01:000 para top(01)
Mensaje X / 00:00:02:000 / top(01) / heatercntrsignal /      1.00000 para heater(07)
Mensaje D / 00:00:02:000 / heater(07) / 00:00:00:000 para top(01)
Mensaje D / 00:00:02:000 / top(01) / 00:00:00:000 para Root(00)
Mensaje * / 00:00:02:000 / Root(00) para top(01)
Mensaje * / 00:00:02:000 / top(01) para heater(07)
Mensaje Y / 00:00:02:000 / heater(07) / heatgain /      0.50000 para top(01)
Mensaje D / 00:00:02:000 / heater(07) / 00:00:01:000 para top(01)
Mensaje X / 00:00:02:000 / top(01) / heatgain /      0.50000 para thermostat(04)
Mensaje X / 00:00:02:000 / thermostat(04) / heatgain /      0.50000 para tempsensor(05)
Mensaje D / 00:00:02:000 / tempsensor(05) / 00:00:01:000 para thermostat(04)
Mensaje D / 00:00:02:000 / thermostat(04) / 00:00:01:000 para top(01)
Mensaje D / 00:00:02:000 / top(01) / 00:00:01:000 para Root(00)
Mensaje * / 00:00:03:000 / Root(00) para top(01)
Mensaje * / 00:00:03:000 / top(01) para generat(02)
Mensaje Y / 00:00:03:000 / generat(02) / tout /     18.87342 para top(01)
Mensaje D / 00:00:03:000 / generat(02) / 00:00:01:000 para top(01)
Mensaje X / 00:00:03:000 / top(01) / tout /     18.87342 para transduc(03)
Mensaje D / 00:00:03:000 / transduc(03) / 00:00:00:000 para top(01)
Mensaje D / 00:00:03:000 / top(01) / 00:00:00:000 para Root(00)
Mensaje * / 00:00:03:000 / Root(00) para top(01)
Mensaje * / 00:00:03:000 / top(01) para transduc(03)
Mensaje Y / 00:00:03:000 / transduc(03) / heatlosses /      0.56921 para top(01)
Mensaje D / 00:00:03:000 / transduc(03) / 00:00:01:000 para top(01)
Mensaje X / 00:00:03:000 / top(01) / heatlosses /      0.56921 para thermostat(04)
Mensaje X / 00:00:03:000 / thermostat(04) / heatlosses /      0.56921 para tempsensor(05)
Mensaje D / 00:00:03:000 / tempsensor(05) / 00:00:00:000 para thermostat(04)
Mensaje D / 00:00:03:000 / thermostat(04) / 00:00:00:000 para top(01)
Mensaje D / 00:00:03:000 / top(01) / 00:00:00:000 para Root(00)
Mensaje * / 00:00:03:000 / Root(00) para top(01)
Mensaje * / 00:00:03:000 / top(01) para thermostat(04)
Mensaje * / 00:00:03:000 / thermostat(04) para tempsensor(05)
Mensaje Y / 00:00:03:000 / tempsensor(05) / troom /     24.49632 para thermostat(04)
Mensaje D / 00:00:03:000 / tempsensor(05) / 00:00:01:000 para thermostat(04)
Mensaje Y / 00:00:03:000 / thermostat(04) / troom /     24.49632 para top(01)
Mensaje X / 00:00:03:000 / thermostat(04) / troom /     24.49632 para controller(06)
Mensaje X / 00:00:03:000 / top(01) / troom /     24.49632 para transduc(03)
Mensaje X / 00:00:03:000 / top(01) / troom /     24.49632 para heater(07)
Mensaje D / 00:00:03:000 / controller(06) / 00:00:00:000 para thermostat(04)
Mensaje D / 00:00:03:000 / transduc(03) / 00:00:01:000 para top(01)
Mensaje D / 00:00:03:000 / heater(07) / 00:00:00:000 para top(01)
Mensaje D / 00:00:03:000 / thermostat(04) / 00:00:00:000 para top(01)
Mensaje D / 00:00:03:000 / top(01) / 00:00:00:000 para Root(00)
Mensaje * / 00:00:03:000 / Root(00) para top(01)
Mensaje * / 00:00:03:000 / top(01) para thermostat(04)
Mensaje * / 00:00:03:000 / thermostat(04) para controller(06)
Mensaje Y / 00:00:03:000 / controller(06) / heatercntrsignal /      1.00000 para thermostat(04)
Mensaje D / 00:00:03:000 / controller(06) / ... para thermostat(04)
Mensaje Y / 00:00:03:000 / thermostat(04) / heatercntrsignal /      1.00000 para top(01)
Mensaje D / 00:00:03:000 / thermostat(04) / 00:00:01:000 para top(01)
Mensaje X / 00:00:03:000 / top(01) / heatercntrsignal /      1.00000 para heater(07)
Mensaje D / 00:00:03:000 / heater(07) / 00:00:00:000 para top(01)
Mensaje D / 00:00:03:000 / top(01) / 00:00:00:000 para Root(00)
Mensaje * / 00:00:03:000 / Root(00) para top(01)
Mensaje * / 00:00:03:000 / top(01) para heater(07)
Mensaje Y / 00:00:03:000 / heater(07) / heatgain /      0.50000 para top(01)
Mensaje D / 00:00:03:000 / heater(07) / 00:00:01:000 para top(01)
Mensaje X / 00:00:03:000 / top(01) / heatgain /      0.50000 para thermostat(04)
Mensaje X / 00:00:03:000 / thermostat(04) / heatgain /      0.50000 para tempsensor(05)
Mensaje D / 00:00:03:000 / tempsensor(05) / 00:00:01:000 para thermostat(04)
Mensaje D / 00:00:03:000 / thermostat(04) / 00:00:01:000 para top(01)
Mensaje D / 00:00:03:000 / top(01) / 00:00:01:000 para Root(00)
Mensaje * / 00:00:04:000 / Root(00) para top(01)
Mensaje * / 00:00:04:000 / top(01) para generat(02)
Mensaje Y / 00:00:04:000 / generat(02) / tout /     22.10628 para top(01)
Mensaje D / 00:00:04:000 / generat(02) / 00:00:01:000 para top(01)
Mensaje X / 00:00:04:000 / top(01) / tout /     22.10628 para transduc(03)
Mensaje D / 00:00:04:000 / transduc(03) / 00:00:00:000 para top(01)
Mensaje D / 00:00:04:000 / top(01) / 00:00:00:000 para Root(00)
Mensaje * / 00:00:04:000 / Root(00) para top(01)
Mensaje * / 00:00:04:000 / top(01) para transduc(03)
Mensaje Y / 00:00:04:000 / transduc(03) / heatlosses /      0.23900 para top(01)
Mensaje D / 00:00:04:000 / transduc(03) / 00:00:01:000 para top(01)
Mensaje X / 00:00:04:000 / top(01) / heatlosses /      0.23900 para thermostat(04)
Mensaje X / 00:00:04:000 / thermostat(04) / heatlosses /      0.23900 para tempsensor(05)
Mensaje D / 00:00:04:000 / tempsensor(05) / 00:00:00:000 para thermostat(04)
Mensaje D / 00:00:04:000 / thermostat(04) / 00:00:00:000 para top(01)
Mensaje D / 00:00:04:000 / top(01) / 00:00:00:000 para Root(00)
Mensaje * / 00:00:04:000 / Root(00) para top(01)
Mensaje * / 00:00:04:000 / top(01) para thermostat(04)
Mensaje * / 00:00:04:000 / thermostat(04) para tempsensor(05)
Mensaje Y / 00:00:04:000 / tempsensor(05) / troom /     24.75732 para thermostat(04)
Mensaje D / 00:00:04:000 / tempsensor(05) / 00:00:01:000 para thermostat(04)
Mensaje Y / 00:00:04:000 / thermostat(04) / troom /     24.75732 para top(01)
Mensaje X / 00:00:04:000 / thermostat(04) / troom /     24.75732 para controller(06)
Mensaje X / 00:00:04:000 / top(01) / troom /     24.75732 para transduc(03)
Mensaje X / 00:00:04:000 / top(01) / troom /     24.75732 para heater(07)
Mensaje D / 00:00:04:000 / controller(06) / 00:00:00:000 para thermostat(04)
Mensaje D / 00:00:04:000 / transduc(03) / 00:00:01:000 para top(01)
Mensaje D / 00:00:04:000 / heater(07) / 00:00:00:000 para top(01)
Mensaje D / 00:00:04:000 / thermostat(04) / 00:00:00:000 para top(01)
Mensaje D / 00:00:04:000 / top(01) / 00:00:00:000 para Root(00)
Mensaje * / 00:00:04:000 / Root(00) para top(01)
Mensaje * / 00:00:04:000 / top(01) para thermostat(04)
Mensaje * / 00:00:04:000 / thermostat(04) para controller(06)
Mensaje Y / 00:00:04:000 / controller(06) / heatercntrsignal /      1.00000 para thermostat(04)
Mensaje D / 00:00:04:000 / controller(06) / ... para thermostat(04)
Mensaje Y / 00:00:04:000 / thermostat(04) / heatercntrsignal /      1.00000 para top(01)
Mensaje D / 00:00:04:000 / thermostat(04) / 00:00:01:000 para top(01)
Mensaje X / 00:00:04:000 / top(01) / heatercntrsignal /      1.00000 para heater(07)
Mensaje D / 00:00:04:000 / heater(07) / 00:00:00:000 para top(01)
Mensaje D / 00:00:04:000 / top(01) / 00:00:00:000 para Root(00)
Mensaje * / 00:00:04:000 / Root(00) para top(01)
Mensaje * / 00:00:04:000 / top(01) para heater(07)
Mensaje Y / 00:00:04:000 / heater(07) / heatgain /      0.50000 para top(01)
Mensaje D / 00:00:04:000 / heater(07) / 00:00:01:000 para top(01)
Mensaje X / 00:00:04:000 / top(01) / heatgain /      0.50000 para thermostat(04)
Mensaje X / 00:00:04:000 / thermostat(04) / heatgain /      0.50000 para tempsensor(05)
Mensaje D / 00:00:04:000 / tempsensor(05) / 00:00:01:000 para thermostat(04)
Mensaje D / 00:00:04:000 / thermostat(04) / 00:00:01:000 para top(01)
Mensaje D / 00:00:04:000 / top(01) / 00:00:01:000 para Root(00)
Mensaje * / 00:00:05:000 / Root(00) para top(01)
Mensaje * / 00:00:05:000 / top(01) para generat(02)
Mensaje Y / 00:00:05:000 / generat(02) / tout /     19.54766 para top(01)
Mensaje D / 00:00:05:000 / generat(02) / 00:00:01:000 para top(01)
Mensaje X / 00:00:05:000 / top(01) / tout /     19.54766 para transduc(03)
Mensaje D / 00:00:05:000 / transduc(03) / 00:00:00:000 para top(01)
Mensaje D / 00:00:05:000 / top(01) / 00:00:00:000 para Root(00)
Mensaje * / 00:00:05:000 / Root(00) para top(01)
Mensaje * / 00:00:05:000 / top(01) para transduc(03)
Mensaje Y / 00:00:05:000 / transduc(03) / heatlosses /      0.52097 para top(01)
Mensaje D / 00:00:05:000 / transduc(03) / 00:00:01:000 para top(01)
Mensaje X / 00:00:05:000 / top(01) / heatlosses /      0.52097 para thermostat(04)
Mensaje X / 00:00:05:000 / thermostat(04) / heatlosses /      0.52097 para tempsensor(05)
Mensaje D / 00:00:05:000 / tempsensor(05) / 00:00:00:000 para thermostat(04)
Mensaje D / 00:00:05:000 / thermostat(04) / 00:00:00:000 para top(01)
Mensaje D / 00:00:05:000 / top(01) / 00:00:00:000 para Root(00)
Mensaje * / 00:00:05:000 / Root(00) para top(01)
Mensaje * / 00:00:05:000 / top(01) para thermostat(04)
Mensaje * / 00:00:05:000 / thermostat(04) para tempsensor(05)
Mensaje Y / 00:00:05:000 / tempsensor(05) / troom /     24.73635 para thermostat(04)
Mensaje D / 00:00:05:000 / tempsensor(05) / 00:00:01:000 para thermostat(04)
Mensaje Y / 00:00:05:000 / thermostat(04) / troom /     24.73635 para top(01)
Mensaje X / 00:00:05:000 / thermostat(04) / troom /     24.73635 para controller(06)
Mensaje X / 00:00:05:000 / top(01) / troom /     24.73635 para transduc(03)
Mensaje X / 00:00:05:000 / top(01) / troom /     24.73635 para heater(07)
Mensaje D / 00:00:05:000 / controller(06) / 00:00:00:000 para thermostat(04)
Mensaje D / 00:00:05:000 / transduc(03) / 00:00:01:000 para top(01)
Mensaje D / 00:00:05:000 / heater(07) / 00:00:00:000 para top(01)
Mensaje D / 00:00:05:000 / thermostat(04) / 00:00:00:000 para top(01)
Mensaje D / 00:00:05:000 / top(01) / 00:00:00:000 para Root(00)
Mensaje * / 00:00:05:000 / Root(00) para top(01)
Mensaje * / 00:00:05:000 / top(01) para thermostat(04)
Mensaje * / 00:00:05:000 / thermostat(04) para controller(06)
Mensaje Y / 00:00:05:000 / controller(06) / heatercntrsignal /      1.00000 para thermostat(04)
Mensaje D / 00:00:05:000 / controller(06) / ... para thermostat(04)
Mensaje Y / 00:00:05:000 / thermostat(04) / heatercntrsignal /      1.00000 para top(01)
Mensaje D / 00:00:05:000 / thermostat(04) / 00:00:01:000 para top(01)
Mensaje X / 00:00:05:000 / top(01) / heatercntrsignal /      1.00000 para heater(07)
Mensaje D / 00:00:05:000 / heater(07) / 00:00:00:000 para top(01)
Mensaje D / 00:00:05:000 / top(01) / 00:00:00:000 para Root(00)
Mensaje * / 00:00:05:000 / Root(00) para top(01)
Mensaje * / 00:00:05:000 / top(01) para heater(07)
Mensaje Y / 00:00:05:000 / heater(07) / heatgain /      0.50000 para top(01)
Mensaje D / 00:00:05:000 / heater(07) / 00:00:01:000 para top(01)
Mensaje X / 00:00:05:000 / top(01) / heatgain /      0.50000 para thermostat(04)
Mensaje X / 00:00:05:000 / thermostat(04) / heatgain /      0.50000 para tempsensor(05)
Mensaje D / 00:00:05:000 / tempsensor(05) / 00:00:01:000 para thermostat(04)
Mensaje D / 00:00:05:000 / thermostat(04) / 00:00:01:000 para top(01)
Mensaje D / 00:00:05:000 / top(01) / 00:00:01:000 para Root(00)
