Mensaje I / 00:00:00:000 / Root(00) para top(01)
Mensaje I / 00:00:00:000 / top(01) para tempsensor(02)
Mensaje D / 00:00:00:000 / tempsensor(02) / 00:00:00:000 para top(01)
Mensaje D / 00:00:00:000 / top(01) / 00:00:00:000 para Root(00)
Mensaje X / 00:00:00:000 / Root(00) / heatlosses /      1.00000 para top(01)
Mensaje X / 00:00:00:000 / top(01) / heatlosses /      1.00000 para tempsensor(02)
Mensaje D / 00:00:00:000 / tempsensor(02) / 00:00:00:000 para top(01)
Mensaje D / 00:00:00:000 / top(01) / 00:00:00:000 para Root(00)
Mensaje X / 00:00:00:000 / Root(00) / heatgain /      1.00000 para top(01)
Mensaje X / 00:00:00:000 / top(01) / heatgain /      1.00000 para tempsensor(02)
Mensaje D / 00:00:00:000 / tempsensor(02) / 00:00:00:000 para top(01)
Mensaje D / 00:00:00:000 / top(01) / 00:00:00:000 para Root(00)
Mensaje * / 00:00:00:000 / Root(00) para top(01)
Mensaje * / 00:00:00:000 / top(01) para tempsensor(02)
Mensaje Y / 00:00:00:000 / tempsensor(02) / troom /     25.00000 para top(01)
Mensaje D / 00:00:00:000 / tempsensor(02) / 00:00:01:000 para top(01)
Mensaje Y / 00:00:00:000 / top(01) / troom /     25.00000 para Root(00)
Mensaje D / 00:00:00:000 / top(01) / 00:00:01:000 para Root(00)
Mensaje X / 00:00:01:000 / Root(00) / heatlosses /      2.00000 para top(01)
Mensaje X / 00:00:01:000 / top(01) / heatlosses /      2.00000 para tempsensor(02)
Mensaje D / 00:00:01:000 / tempsensor(02) / 00:00:00:000 para top(01)
Mensaje D / 00:00:01:000 / top(01) / 00:00:00:000 para Root(00)
Mensaje X / 00:00:01:000 / Root(00) / heatgain /      1.00000 para top(01)
Mensaje X / 00:00:01:000 / top(01) / heatgain /      1.00000 para tempsensor(02)
Mensaje D / 00:00:01:000 / tempsensor(02) / 00:00:00:000 para top(01)
Mensaje D / 00:00:01:000 / top(01) / 00:00:00:000 para Root(00)
Mensaje * / 00:00:01:000 / Root(00) para top(01)
Mensaje * / 00:00:01:000 / top(01) para tempsensor(02)
Mensaje Y / 00:00:01:000 / tempsensor(02) / troom /     24.00000 para top(01)
Mensaje D / 00:00:01:000 / tempsensor(02) / 00:00:01:000 para top(01)
Mensaje Y / 00:00:01:000 / top(01) / troom /     24.00000 para Root(00)
Mensaje D / 00:00:01:000 / top(01) / 00:00:01:000 para Root(00)
Mensaje X / 00:00:02:000 / Root(00) / heatlosses /      3.00000 para top(01)
Mensaje X / 00:00:02:000 / top(01) / heatlosses /      3.00000 para tempsensor(02)
Mensaje D / 00:00:02:000 / tempsensor(02) / 00:00:00:000 para top(01)
Mensaje D / 00:00:02:000 / top(01) / 00:00:00:000 para Root(00)
Mensaje X / 00:00:02:000 / Root(00) / heatgain /      5.00000 para top(01)
Mensaje X / 00:00:02:000 / top(01) / heatgain /      5.00000 para tempsensor(02)
Mensaje D / 00:00:02:000 / tempsensor(02) / 00:00:00:000 para top(01)
Mensaje D / 00:00:02:000 / top(01) / 00:00:00:000 para Root(00)
Mensaje * / 00:00:02:000 / Root(00) para top(01)
Mensaje * / 00:00:02:000 / top(01) para tempsensor(02)
Mensaje Y / 00:00:02:000 / tempsensor(02) / troom /     26.00000 para top(01)
Mensaje D / 00:00:02:000 / tempsensor(02) / 00:00:01:000 para top(01)
Mensaje Y / 00:00:02:000 / top(01) / troom /     26.00000 para Root(00)
Mensaje D / 00:00:02:000 / top(01) / 00:00:01:000 para Root(00)
Mensaje X / 00:00:03:000 / Root(00) / heatlosses /      0.00000 para top(01)
Mensaje X / 00:00:03:000 / top(01) / heatlosses /      0.00000 para tempsensor(02)
Mensaje D / 00:00:03:000 / tempsensor(02) / 00:00:00:000 para top(01)
Mensaje D / 00:00:03:000 / top(01) / 00:00:00:000 para Root(00)
Mensaje X / 00:00:03:000 / Root(00) / heatgain /      2.00000 para top(01)
Mensaje X / 00:00:03:000 / top(01) / heatgain /      2.00000 para tempsensor(02)
Mensaje D / 00:00:03:000 / tempsensor(02) / 00:00:00:000 para top(01)
Mensaje D / 00:00:03:000 / top(01) / 00:00:00:000 para Root(00)
Mensaje * / 00:00:03:000 / Root(00) para top(01)
Mensaje * / 00:00:03:000 / top(01) para tempsensor(02)
Mensaje Y / 00:00:03:000 / tempsensor(02) / troom /     28.00000 para top(01)
Mensaje D / 00:00:03:000 / tempsensor(02) / 00:00:01:000 para top(01)
Mensaje Y / 00:00:03:000 / top(01) / troom /     28.00000 para Root(00)
Mensaje D / 00:00:03:000 / top(01) / 00:00:01:000 para Root(00)
Mensaje X / 00:00:04:000 / Root(00) / heatlosses /      2.00000 para top(01)
Mensaje X / 00:00:04:000 / top(01) / heatlosses /      2.00000 para tempsensor(02)
Mensaje D / 00:00:04:000 / tempsensor(02) / 00:00:00:000 para top(01)
Mensaje D / 00:00:04:000 / top(01) / 00:00:00:000 para Root(00)
Mensaje X / 00:00:04:000 / Root(00) / heatgain /      3.00000 para top(01)
Mensaje X / 00:00:04:000 / top(01) / heatgain /      3.00000 para tempsensor(02)
Mensaje D / 00:00:04:000 / tempsensor(02) / 00:00:00:000 para top(01)
Mensaje D / 00:00:04:000 / top(01) / 00:00:00:000 para Root(00)
Mensaje * / 00:00:04:000 / Root(00) para top(01)
Mensaje * / 00:00:04:000 / top(01) para tempsensor(02)
Mensaje Y / 00:00:04:000 / tempsensor(02) / troom /     29.00000 para top(01)
Mensaje D / 00:00:04:000 / tempsensor(02) / 00:00:01:000 para top(01)
Mensaje Y / 00:00:04:000 / top(01) / troom /     29.00000 para Root(00)
Mensaje D / 00:00:04:000 / top(01) / 00:00:01:000 para Root(00)
Mensaje X / 00:00:05:000 / Root(00) / heatlosses /      5.00000 para top(01)
Mensaje X / 00:00:05:000 / top(01) / heatlosses /      5.00000 para tempsensor(02)
Mensaje D / 00:00:05:000 / tempsensor(02) / 00:00:00:000 para top(01)
Mensaje D / 00:00:05:000 / top(01) / 00:00:00:000 para Root(00)
Mensaje X / 00:00:05:000 / Root(00) / heatgain /      1.00000 para top(01)
Mensaje X / 00:00:05:000 / top(01) / heatgain /      1.00000 para tempsensor(02)
Mensaje D / 00:00:05:000 / tempsensor(02) / 00:00:00:000 para top(01)
Mensaje D / 00:00:05:000 / top(01) / 00:00:00:000 para Root(00)
Mensaje * / 00:00:05:000 / Root(00) para top(01)
Mensaje * / 00:00:05:000 / top(01) para tempsensor(02)
Mensaje Y / 00:00:05:000 / tempsensor(02) / troom /     25.00000 para top(01)
Mensaje D / 00:00:05:000 / tempsensor(02) / 00:00:01:000 para top(01)
Mensaje Y / 00:00:05:000 / top(01) / troom /     25.00000 para Root(00)
Mensaje D / 00:00:05:000 / top(01) / 00:00:01:000 para Root(00)
