Mensaje I / 00:00:00:000 / Root(00) para top(01)
Mensaje I / 00:00:00:000 / top(01) para transduc(02)
Mensaje D / 00:00:00:000 / transduc(02) / 00:00:00:000 para top(01)
Mensaje D / 00:00:00:000 / top(01) / 00:00:00:000 para Root(00)
Mensaje X / 00:00:00:000 / Root(00) / tout /     20.00000 para top(01)
Mensaje X / 00:00:00:000 / top(01) / tout /     20.00000 para transduc(02)
Mensaje D / 00:00:00:000 / transduc(02) / 00:00:00:000 para top(01)
Mensaje D / 00:00:00:000 / top(01) / 00:00:00:000 para Root(00)
Mensaje X / 00:00:00:000 / Root(00) / troom /     25.00000 para top(01)
Mensaje X / 00:00:00:000 / top(01) / troom /     25.00000 para transduc(02)
Mensaje D / 00:00:00:000 / transduc(02) / 00:00:00:000 para top(01)
Mensaje D / 00:00:00:000 / top(01) / 00:00:00:000 para Root(00)
Mensaje * / 00:00:00:000 / Root(00) para top(01)
Mensaje * / 00:00:00:000 / top(01) para transduc(02)
Mensaje Y / 00:00:00:000 / transduc(02) / heatlosses /      0.50000 para top(01)
Mensaje D / 00:00:00:000 / transduc(02) / 00:00:01:000 para top(01)
Mensaje Y / 00:00:00:000 / top(01) / heatlosses /      0.50000 para Root(00)
Mensaje D / 00:00:00:000 / top(01) / 00:00:01:000 para Root(00)
Mensaje X / 00:00:01:000 / Root(00) / tout /     15.00000 para top(01)
Mensaje X / 00:00:01:000 / top(01) / tout /     15.00000 para transduc(02)
Mensaje D / 00:00:01:000 / transduc(02) / 00:00:00:000 para top(01)
Mensaje D / 00:00:01:000 / top(01) / 00:00:00:000 para Root(00)
Mensaje X / 00:00:01:000 / Root(00) / troom /     24.00000 para top(01)
Mensaje X / 00:00:01:000 / top(01) / troom /     24.00000 para transduc(02)
Mensaje D / 00:00:01:000 / transduc(02) / 00:00:00:000 para top(01)
Mensaje D / 00:00:01:000 / top(01) / 00:00:00:000 para Root(00)
Mensaje * / 00:00:01:000 / Root(00) para top(01)
Mensaje * / 00:00:01:000 / top(01) para transduc(02)
Mensaje Y / 00:00:01:000 / transduc(02) / heatlosses /      0.90000 para top(01)
Mensaje D / 00:00:01:000 / transduc(02) / 00:00:01:000 para top(01)
Mensaje Y / 00:00:01:000 / top(01) / heatlosses /      0.90000 para Root(00)
Mensaje D / 00:00:01:000 / top(01) / 00:00:01:000 para Root(00)
Mensaje X / 00:00:02:000 / Root(00) / tout /     25.00000 para top(01)
Mensaje X / 00:00:02:000 / top(01) / tout /     25.00000 para transduc(02)
Mensaje D / 00:00:02:000 / transduc(02) / 00:00:00:000 para top(01)
Mensaje D / 00:00:02:000 / top(01) / 00:00:00:000 para Root(00)
Mensaje X / 00:00:02:000 / Root(00) / troom /     25.00000 para top(01)
Mensaje X / 00:00:02:000 / top(01) / troom /     25.00000 para transduc(02)
Mensaje D / 00:00:02:000 / transduc(02) / 00:00:00:000 para top(01)
Mensaje D / 00:00:02:000 / top(01) / 00:00:00:000 para Root(00)
Mensaje * / 00:00:02:000 / Root(00) para top(01)
Mensaje * / 00:00:02:000 / top(01) para transduc(02)
Mensaje Y / 00:00:02:000 / transduc(02) / heatlosses /      0.00000 para top(01)
Mensaje D / 00:00:02:000 / transduc(02) / 00:00:01:000 para top(01)
Mensaje Y / 00:00:02:000 / top(01) / heatlosses /      0.00000 para Root(00)
Mensaje D / 00:00:02:000 / top(01) / 00:00:01:000 para Root(00)
Mensaje X / 00:00:03:000 / Root(00) / tout /     26.00000 para top(01)
Mensaje X / 00:00:03:000 / top(01) / tout /     26.00000 para transduc(02)
Mensaje D / 00:00:03:000 / transduc(02) / 00:00:00:000 para top(01)
Mensaje D / 00:00:03:000 / top(01) / 00:00:00:000 para Root(00)
Mensaje X / 00:00:03:000 / Root(00) / troom /     25.00000 para top(01)
Mensaje X / 00:00:03:000 / top(01) / troom /     25.00000 para transduc(02)
Mensaje D / 00:00:03:000 / transduc(02) / 00:00:00:000 para top(01)
Mensaje D / 00:00:03:000 / top(01) / 00:00:00:000 para Root(00)
Mensaje * / 00:00:03:000 / Root(00) para top(01)
Mensaje * / 00:00:03:000 / top(01) para transduc(02)
Mensaje Y / 00:00:03:000 / transduc(02) / heatlosses /      0.00000 para top(01)
Mensaje D / 00:00:03:000 / transduc(02) / 00:00:01:000 para top(01)
Mensaje Y / 00:00:03:000 / top(01) / heatlosses /      0.00000 para Root(00)
Mensaje D / 00:00:03:000 / top(01) / 00:00:01:000 para Root(00)
Mensaje X / 00:00:04:000 / Root(00) / tout /     21.00000 para top(01)
Mensaje X / 00:00:04:000 / top(01) / tout /     21.00000 para transduc(02)
Mensaje D / 00:00:04:000 / transduc(02) / 00:00:00:000 para top(01)
Mensaje D / 00:00:04:000 / top(01) / 00:00:00:000 para Root(00)
Mensaje X / 00:00:04:000 / Root(00) / troom /     23.00000 para top(01)
Mensaje X / 00:00:04:000 / top(01) / troom /     23.00000 para transduc(02)
Mensaje D / 00:00:04:000 / transduc(02) / 00:00:00:000 para top(01)
Mensaje D / 00:00:04:000 / top(01) / 00:00:00:000 para Root(00)
Mensaje * / 00:00:04:000 / Root(00) para top(01)
Mensaje * / 00:00:04:000 / top(01) para transduc(02)
Mensaje Y / 00:00:04:000 / transduc(02) / heatlosses /      0.20000 para top(01)
Mensaje D / 00:00:04:000 / transduc(02) / 00:00:01:000 para top(01)
Mensaje Y / 00:00:04:000 / top(01) / heatlosses /      0.20000 para Root(00)
Mensaje D / 00:00:04:000 / top(01) / 00:00:01:000 para Root(00)
Mensaje X / 00:00:05:000 / Root(00) / tout /     30.00000 para top(01)
Mensaje X / 00:00:05:000 / top(01) / tout /     30.00000 para transduc(02)
Mensaje D / 00:00:05:000 / transduc(02) / 00:00:00:000 para top(01)
Mensaje D / 00:00:05:000 / top(01) / 00:00:00:000 para Root(00)
Mensaje X / 00:00:05:000 / Root(00) / troom /     25.00000 para top(01)
Mensaje X / 00:00:05:000 / top(01) / troom /     25.00000 para transduc(02)
Mensaje D / 00:00:05:000 / transduc(02) / 00:00:00:000 para top(01)
Mensaje D / 00:00:05:000 / top(01) / 00:00:00:000 para Root(00)
Mensaje * / 00:00:05:000 / Root(00) para top(01)
Mensaje * / 00:00:05:000 / top(01) para transduc(02)
Mensaje Y / 00:00:05:000 / transduc(02) / heatlosses /      0.00000 para top(01)
Mensaje D / 00:00:05:000 / transduc(02) / 00:00:01:000 para top(01)
Mensaje Y / 00:00:05:000 / top(01) / heatlosses /      0.00000 para Root(00)
Mensaje D / 00:00:05:000 / top(01) / 00:00:01:000 para Root(00)
